TN:
SF:src/app.ts
FN:5,(anonymous_1)
FN:9,(anonymous_2)
FNF:2
FNH:2
FNDA:1,(anonymous_1)
FNDA:1,(anonymous_2)
DA:1,1
DA:2,1
DA:3,1
DA:5,1
DA:6,1
DA:9,1
DA:10,1
DA:13,1
LF:8
LH:8
BRF:0
BRH:0
end_of_record
TN:
SF:src/controllers/userController.ts
FN:4,(anonymous_7)
FN:4,(anonymous_8)
FNF:2
FNH:2
FNDA:2,(anonymous_7)
FNDA:2,(anonymous_8)
DA:2,2
DA:4,2
DA:5,2
DA:6,2
DA:8,2
DA:10,0
DA:11,0
LF:7
LH:5
BRF:0
BRH:0
end_of_record
TN:
SF:src/models/userModel.ts
FN:10,(anonymous_0)
FNF:1
FNH:1
FNDA:4,(anonymous_0)
DA:6,3
DA:11,4
DA:12,1
DA:14,3
DA:15,3
LF:5
LH:5
BRDA:11,0,0,1
BRDA:11,1,0,4
BRDA:11,1,1,3
BRF:3
BRH:3
end_of_record
